<?xml version="1.0" encoding="UTF-8"?>
<testng-results ignored="0" total="1" passed="1" failed="0" skipped="0">
  <reporter-output>
  </reporter-output>
  <suite started-at="2023-04-13T11:33:07 IST" name="Sample test Suite" finished-at="2023-04-13T11:36:08 IST" duration-ms="181574">
    <groups>
    </groups>
    <test started-at="2023-04-13T11:33:07 IST" name="Sample test" finished-at="2023-04-13T11:36:08 IST" duration-ms="181574">
      <class name="com.training.sanity.tests.MX_Player">
        <test-method is-config="true" signature="setup()[pri:0, instance:com.training.sanity.tests.MX_Player@156b88f5]" started-at="2023-04-13T11:33:07 IST" name="setup" finished-at="2023-04-13T11:34:11 IST" duration-ms="64327" status="PASS">
          <reporter-output>
          </reporter-output>
        </test-method> <!-- setup -->
        <test-method signature="MxPlayer()[pri:0, instance:com.training.sanity.tests.MX_Player@156b88f5]" started-at="2023-04-13T11:34:11 IST" name="MxPlayer" finished-at="2023-04-13T11:36:05 IST" duration-ms="114019" status="PASS">
          <reporter-output>
          </reporter-output>
        </test-method> <!-- MxPlayer -->
        <test-method is-config="true" signature="tearDown()[pri:0, instance:com.training.sanity.tests.MX_Player@156b88f5]" started-at="2023-04-13T11:36:05 IST" name="tearDown" finished-at="2023-04-13T11:36:08 IST" duration-ms="3101" status="PASS">
          <reporter-output>
          </reporter-output>
        </test-method> <!-- tearDown -->
      </class> <!-- com.training.sanity.tests.MX_Player -->
    </test> <!-- Sample test -->
  </suite> <!-- Sample test Suite -->
</testng-results>
